<?xml version="1.0" encoding="UTF-8"?>
<!-- Generated by org.testng.reporters.JUnitReportReporter -->
<testsuite hostname="LAPTOP-2T4VA45P" failures="0" tests="2" name="tests.SignUpPageTest" time="8.086" errors="0" timestamp="2025-06-22T02:20:26 IST" skipped="0">
  <testcase classname="tests.SignUpPageTest" name="verifySignUpPageTitle" time="4.903"/>
  <testcase classname="tests.SignUpPageTest" name="verifySignUpAndLoginElementsPresent" time="3.183"/>
</testsuite> <!-- tests.SignUpPageTest -->
